[backblue.gif]
[fade.gif]
[index.html]
[localhost/worldofficialtrailer/comments/feed/index.html]
[localhost/worldofficialtrailer/feed/index.html]
[localhost/worldofficialtrailer/wp-json/index.html]
[localhost/worldofficialtrailer/wp-json/wp/v2/pages/14.json]
[localhost/worldofficialtrailer/xmlrpc0db0.php]
[localhost/worldofficialtrailer/wp-includes/wlwmanifest.xml]
[localhost/worldofficialtrailer/wp-json/oembed/1.0/embed41e9.json]
[localhost/worldofficialtrailer/wp-json/oembed/1.0/embed19b2]
[localhost/worldofficialtrailer/wp-content/uploads/2021/12/WorldOfficialTrailer.jpg]
[localhost/worldofficialtrailer/wp-content/uploads/2021/12/WorldOfficialTrailer.gif]
[localhost/worldofficialtrailer/wp-content/themes/exs/assets/js/min/init10f0.js]
[localhost/worldofficialtrailer/wp-content/plugins/wp-smushit/app/assets/js/smush-lazy-load.minf3c8.js]
[localhost/worldofficialtrailer/wp-includes/js/wp-embed.minc8d8.js]
[localhost/worldofficialtrailer/index.html]
[localhost/worldofficialtrailer/wp-includes/css/dist/block-library/style.minc8d8.css]
[localhost/worldofficialtrailer/wp-content/themes/exs/assets/css/min/main-120010f0.css]
[localhost/worldofficialtrailer/wp-content/themes/exs/assets/css/min/menu-desktop210f0.css]
[localhost/worldofficialtrailer/wp-content/plugins/all-in-one-video-gallery/public/assets/fonts/aiovg-iconscad5.eot]
[localhost/worldofficialtrailer/wp-content/plugins/all-in-one-video-gallery/public/assets/fonts/aiovg-iconscad5.ttf]
[localhost/worldofficialtrailer/wp-content/plugins/all-in-one-video-gallery/public/assets/fonts/aiovg-iconscad5.woff]
[localhost/worldofficialtrailer/wp-content/plugins/all-in-one-video-gallery/public/assets/images/play.png]
[localhost/worldofficialtrailer/wp-content/plugins/all-in-one-video-gallery/public/assets/css/backward-compatibility0875.css]
[localhost/worldofficialtrailer/wp-content/plugins/all-in-one-video-gallery/public/assets/css/public0875.css]
[localhost/worldofficialtrailer/OneSignalSDKUpdaterWorker.html]
[localhost/worldofficialtrailer/OneSignalSDKWorker.html]
[localhost/worldofficialtrailer/wp-content/plugins/onesignal-free-web-push-notifications/sdk_files/index.html]
[localhost/worldofficialtrailer/wp-json/wp/v2/pages/25.json]
[localhost/worldofficialtrailer/wp-json/oembed/1.0/embed4704.json]
[localhost/worldofficialtrailer/wp-json/oembed/1.0/embed109e]
[localhost/worldofficialtrailer/wp-includes/js/jquery/jquery.minaf6c.js]
[localhost/worldofficialtrailer/wp-includes/js/jquery/jquery-migrate.mind617.js]
[localhost/worldofficialtrailer/wp-content/plugins/gd-rating-system/js/rating/events.min18ce.js]
[localhost/worldofficialtrailer/wp-content/plugins/gd-rating-system/js/rating/core.min18ce.js]
[localhost/worldofficialtrailer/wp-content/plugins/gd-rating-system/js/methods/stars-rating.min18ce.js]
[localhost/worldofficialtrailer/about-us/index.html]
[localhost/worldofficialtrailer/wp-json/wp/v2/pages/27.json]
[localhost/worldofficialtrailer/wp-json/oembed/1.0/embed4752.json]
[localhost/worldofficialtrailer/wp-json/oembed/1.0/embedf615]
[localhost/worldofficialtrailer/privacy-policy-2/index.html]
[localhost/worldofficialtrailer/wp-json/wp/v2/pages/29.json]
[localhost/worldofficialtrailer/wp-json/oembed/1.0/embeda1ee.json]
[localhost/worldofficialtrailer/wp-json/oembed/1.0/embede93e]
[localhost/worldofficialtrailer/terms-conditions/index.html]
[localhost/index.html]
[localhost/worldofficialtrailer/wp-json/oembed/1.0/embed83c5.json]
[localhost/worldofficialtrailer/wp-json/oembed/1.0/embedb100]
[localhost/worldofficialtrailer/watch/summer-heat-official-trailer/index.html]
[localhost/worldofficialtrailer/wp-json/wp/v2/pages/12.json]
[localhost/worldofficialtrailer/wp-json/oembed/1.0/embed2ef2.json]
[localhost/worldofficialtrailer/wp-json/oembed/1.0/embed1ada]
[localhost/worldofficialtrailer/video-category/english/index.html]
[localhost/worldofficialtrailer/wp-json/oembed/1.0/embed.6682be.delayed]
[localhost/worldofficialtrailer/wp-json/oembed/1.0/embed9c0b]
[localhost/worldofficialtrailer/watch/insidious-the-dark-realm-official-trailer/index.html]
[localhost/worldofficialtrailer/wp-json/oembed/1.0/embed54b5.json]
[localhost/worldofficialtrailer/wp-json/oembed/1.0/embed05b9]
[localhost/worldofficialtrailer/watch/bajrangi-bhaijaan-2-official-trailer/index.html]
[localhost/worldofficialtrailer/video-category/hindi/index.html]
[localhost/worldofficialtrailer/wp-json/oembed/1.0/embed6442.json]
[localhost/worldofficialtrailer/wp-json/oembed/1.0/embedd8db]
[localhost/worldofficialtrailer/watch/the-ledge-official-trailer/index.html]
[localhost/worldofficialtrailer/wp-json/oembed/1.0/embeda1aa.json]
[localhost/worldofficialtrailer/wp-json/oembed/1.0/embed4da7]
[localhost/worldofficialtrailer/watch/ozark-season-4-part-1-official-trailer/index.html]
[localhost/worldofficialtrailer/wp-json/oembed/1.0/embed86ce.json]
[localhost/worldofficialtrailer/wp-json/oembed/1.0/embedd20b]
[localhost/worldofficialtrailer/watch/archive-81-official-trailer/index.html]
[localhost/worldofficialtrailer/wp-json/oembed/1.0/embed9ee9.json]
[localhost/worldofficialtrailer/wp-json/oembed/1.0/embed0f2f]
[localhost/worldofficialtrailer/watch/the-woman-in-the-house-across-the-street-from-the-girl-in-the-window-official-trailer/index.html]
[localhost/worldofficialtrailer/wp-json/oembed/1.0/embed33de.json]
[localhost/worldofficialtrailer/wp-json/oembed/1.0/embedc47f]
[localhost/worldofficialtrailer/watch/sundown-official-trailer/index.html]
[localhost/worldofficialtrailer/wp-json/oembed/1.0/embedf1f7.json]
[localhost/worldofficialtrailer/wp-json/oembed/1.0/embed8a5a]
[localhost/worldofficialtrailer/watch/human-world-official-trailer/index.html]
[localhost/worldofficialtrailer/wp-json/oembed/1.0/embedc15c.json]
[localhost/worldofficialtrailer/wp-json/oembed/1.0/embedfa62]
[localhost/worldofficialtrailer/watch/chakda-xpress-official-trailer/index.html]
[localhost/worldofficialtrailer/wp-json/oembed/1.0/embed31c5.json]
[localhost/worldofficialtrailer/wp-json/oembed/1.0/embed1cee]
[localhost/worldofficialtrailer/watch/the-commando-official-trailer/index.html]
[localhost/worldofficialtrailer/wp-json/oembed/1.0/embedde48.json]
[localhost/worldofficialtrailer/wp-json/oembed/1.0/embedc899]
[localhost/worldofficialtrailer/watch/the-free-fall-official-trailer/index.html]
[localhost/worldofficialtrailer/wp-json/oembed/1.0/embed11db.json]
[localhost/worldofficialtrailer/wp-json/oembed/1.0/embed10e7]
[localhost/worldofficialtrailer/watch/shattered-official-trailer/index.html]
[localhost/worldofficialtrailer/wp-json/oembed/1.0/embedef79.json]
[localhost/worldofficialtrailer/wp-json/oembed/1.0/embed217d]
[localhost/worldofficialtrailer/watch/stoker-hills-official-trailer/index.html]
[localhost/worldofficialtrailer/wp-json/oembed/1.0/embed1c63.json]
[localhost/worldofficialtrailer/wp-json/oembed/1.0/embed4951]
[localhost/worldofficialtrailer/watch/italian-studies-official-trailer/index.html]
[localhost/worldofficialtrailer/wp-json/oembed/1.0/embedd4dd.json]
[localhost/worldofficialtrailer/wp-json/oembed/1.0/embed5f64]
[localhost/worldofficialtrailer/watch/bangarraju-official-trailer/index.html]
[localhost/worldofficialtrailer/video-category/telugu/index.html]
[localhost/worldofficialtrailer/page/2/index.html]
[localhost/worldofficialtrailer/page/3/index.html]
[localhost/worldofficialtrailer/wp-content/plugins/all-in-one-video-gallery/public/assets/fonts/aiovg-iconscad5.svg]
[localhost/worldofficialtrailer/index970c.html]
[localhost/worldofficialtrailer/about-us/OneSignalSDKUpdaterWorker.html]
[localhost/worldofficialtrailer/about-us/OneSignalSDKWorker.html]
[localhost/worldofficialtrailer/about-us/worldfirstofficialtrailer@gmail.html]
[localhost/worldofficialtrailer/wp-content/plugins/gd-rating-system/css/rating/grid.min18ce.css]
[localhost/worldofficialtrailer/wp-content/plugins/gd-rating-system/css/rating/core.min18ce.css]
[localhost/worldofficialtrailer/wp-content/plugins/gd-rating-system/css/fonts/default/gdrts-icons8aa7.eot]
[localhost/worldofficialtrailer/wp-content/plugins/gd-rating-system/css/fonts/default-embed.min18ce.css]
[localhost/worldofficialtrailer/wp-content/plugins/gd-rating-system/css/methods/stars/star.png]
[localhost/worldofficialtrailer/wp-content/plugins/gd-rating-system/css/methods/stars/heart.png]
[localhost/worldofficialtrailer/wp-content/plugins/gd-rating-system/css/methods/stars/snowflake.png]
[localhost/worldofficialtrailer/wp-content/plugins/gd-rating-system/css/methods/stars/christmas.png]
[localhost/worldofficialtrailer/wp-content/plugins/gd-rating-system/css/methods/stars/oxygen.png]
[localhost/worldofficialtrailer/wp-content/plugins/gd-rating-system/css/methods/stars/crystal.png]
[localhost/worldofficialtrailer/wp-content/plugins/gd-rating-system/css/methods/stars.min18ce.css]
[localhost/worldofficialtrailer/index1c4a.html]
[localhost/worldofficialtrailer/privacy-policy-2/OneSignalSDKUpdaterWorker.html]
[localhost/worldofficialtrailer/privacy-policy-2/OneSignalSDKWorker.html]
[localhost/worldofficialtrailer/index9cd7.html]
[localhost/worldofficialtrailer/terms-conditions/OneSignalSDKUpdaterWorker.html]
[localhost/worldofficialtrailer/terms-conditions/OneSignalSDKWorker.html]
[localhost/dashboard/javascripts/modernizr.js]
[localhost/dashboard/images/favicon.png]
[localhost/dashboard/images/bitnami-xampp.png]
[localhost/phpmyadmin/index.html]
[localhost/dashboard/images/fastly-logo.png]
[localhost/dashboard/javascripts/all.js]
[localhost/dashboard/index.html]
[localhost/worldofficialtrailer/indexd728.html]
[localhost/worldofficialtrailer/watch/summer-heat-official-trailer/OneSignalSDKUpdaterWorker.html]
[localhost/worldofficialtrailer/watch/summer-heat-official-trailer/OneSignalSDKWorker.html]
[localhost/worldofficialtrailer/wp-json/wp/v2/users/1.json]
[localhost/worldofficialtrailer/author/worldtrailer/feed/index.html]
[localhost/worldofficialtrailer/author/worldtrailer/index.html]
[localhost/worldofficialtrailer/wp-admin/admin-ajaxaf18.json]
[localhost/worldofficialtrailer/player-embed/id/264/index.html]
[localhost/worldofficialtrailer/wp-json/oembed/1.0/embed7d0e.json]
[localhost/worldofficialtrailer/wp-json/oembed/1.0/embedb30d]
[localhost/worldofficialtrailer/watch/brazen-deadly-desires-official-trailer/index.html]
[localhost/worldofficialtrailer/wp-json/oembed/1.0/embed08bb.json]
[localhost/worldofficialtrailer/wp-json/oembed/1.0/embed6b0a]
[localhost/worldofficialtrailer/watch/jurassic-world-3-dominion-official-trailer/index.html]
[localhost/worldofficialtrailer/wp-json/oembed/1.0/embed267a.json]
[localhost/worldofficialtrailer/wp-json/oembed/1.0/embed0d72]
[localhost/worldofficialtrailer/watch/the-black-phone-official-trailer/index.html]
[localhost/worldofficialtrailer/wp-json/oembed/1.0/embed627c.json]
[localhost/worldofficialtrailer/wp-json/oembed/1.0/embedc40d]
[localhost/worldofficialtrailer/watch/uncharted-official-trailer/index.html]
[localhost/worldofficialtrailer/wp-json/oembed/1.0/embed6a9d.json]
[localhost/worldofficialtrailer/wp-json/oembed/1.0/embed0488]
[localhost/worldofficialtrailer/watch/fantastic-beasts-the-secrets-of-dumbledore-official-trailer/index.html]
[localhost/worldofficialtrailer/wp-json/oembed/1.0/embed1a25.json]
[localhost/worldofficialtrailer/wp-json/oembed/1.0/embed399f]
[localhost/worldofficialtrailer/watch/scream-official-trailer/index.html]
[localhost/worldofficialtrailer/wp-json/oembed/1.0/embede912.json]
[localhost/worldofficialtrailer/wp-json/oembed/1.0/embed42f7]
[localhost/worldofficialtrailer/watch/operation-fortune-ruse-de-guerre-official-trailer/index.html]
[localhost/worldofficialtrailer/wp-json/oembed/1.0/embed39c8.json]
[localhost/worldofficialtrailer/wp-json/oembed/1.0/embed9fd0]
[localhost/worldofficialtrailer/watch/ambulance-official-trailer/index.html]
[localhost/worldofficialtrailer/wp-json/oembed/1.0/embedd073.json]
[localhost/worldofficialtrailer/wp-json/oembed/1.0/embedf25a]
[localhost/worldofficialtrailer/watch/home-team-official-trailer/index.html]
[localhost/worldofficialtrailer/wp-json/oembed/1.0/embed5d4a.json]
[localhost/worldofficialtrailer/wp-json/oembed/1.0/embedffa3]
[localhost/worldofficialtrailer/watch/the-lost-city-official-trailer/index.html]
[localhost/worldofficialtrailer/wp-json/oembed/1.0/embedc4f3.json]
[localhost/worldofficialtrailer/wp-json/oembed/1.0/embed0838]
[localhost/worldofficialtrailer/watch/moonfall-official-trailer/index.html]
[localhost/worldofficialtrailer/watch/summer-heat-official-trailer/page/2.html]
[localhost/worldofficialtrailer/wp-content/plugins/shortcodes-ultimate/includes/images/player/default.png]
[localhost/worldofficialtrailer/wp-content/plugins/shortcodes-ultimate/includes/images/styles/style-soft.png]
[localhost/worldofficialtrailer/wp-content/plugins/shortcodes-ultimate/includes/images/styles/style-glass.png]
[localhost/worldofficialtrailer/wp-content/plugins/shortcodes-ultimate/includes/images/styles/style-bubbles.png]
[localhost/worldofficialtrailer/wp-content/plugins/shortcodes-ultimate/includes/images/styles/style-noise.png]
[localhost/worldofficialtrailer/wp-content/plugins/shortcodes-ultimate/includes/images/swiper/default.png]
[localhost/worldofficialtrailer/wp-content/plugins/shortcodes-ultimate/includes/images/quote.png]
[localhost/worldofficialtrailer/wp-content/plugins/shortcodes-ultimate/includes/images/player/default-start.png]
[localhost/worldofficialtrailer/wp-content/plugins/shortcodes-ultimate/includes/css/shortcodes4320.css]
[localhost/worldofficialtrailer/wp-content/plugins/all-in-one-video-gallery/public/assets/images/placeholder-image.png]
[localhost/worldofficialtrailer/video-category/index.html]
[localhost/worldofficialtrailer/index678b.html]
[localhost/worldofficialtrailer/video-category/english/OneSignalSDKUpdaterWorker.html]
[localhost/worldofficialtrailer/video-category/english/OneSignalSDKWorker.html]
[localhost/worldofficialtrailer/wp-json/oembed/1.0/embedc957.json]
[localhost/worldofficialtrailer/wp-json/oembed/1.0/embedf0c3]
[localhost/worldofficialtrailer/watch/book-of-love-official-trailer/index.html]
[localhost/worldofficialtrailer/wp-json/oembed/1.0/embed638a.json]
[localhost/worldofficialtrailer/wp-json/oembed/1.0/embed0b48]
[localhost/worldofficialtrailer/watch/i-want-you-back-official-trailer/index.html]
[localhost/worldofficialtrailer/wp-json/oembed/1.0/embedbbea.json]
[localhost/worldofficialtrailer/wp-json/oembed/1.0/embed07e9]
[localhost/worldofficialtrailer/watch/search-party-season-5-official-trailer/index.html]
[localhost/worldofficialtrailer/video-category/english/page/2/index.html]
[localhost/worldofficialtrailer/index7d69.html]
[localhost/worldofficialtrailer/watch/insidious-the-dark-realm-official-trailer/OneSignalSDKUpdaterWorker.html]
[localhost/worldofficialtrailer/watch/insidious-the-dark-realm-official-trailer/OneSignalSDKWorker.html]
[localhost/worldofficialtrailer/wp-admin/admin-ajax9433.json]
[localhost/worldofficialtrailer/player-embed/id/262/index.html]
[localhost/worldofficialtrailer/wp-json/oembed/1.0/embed02fc.json]
[localhost/worldofficialtrailer/wp-json/oembed/1.0/embedeafe]
[localhost/worldofficialtrailer/watch/death-on-the-nile-official-trailer/index.html]
[localhost/worldofficialtrailer/wp-json/oembed/1.0/embedd131.json]
[localhost/worldofficialtrailer/wp-json/oembed/1.0/embedc92e]
[localhost/worldofficialtrailer/watch/peacemaker-official-trailer/index.html]
[localhost/worldofficialtrailer/wp-json/oembed/1.0/embede27f.json]
[localhost/worldofficialtrailer/wp-json/oembed/1.0/embed1662]
[localhost/worldofficialtrailer/watch/the-royal-treatment-official-trailer/index.html]
[localhost/worldofficialtrailer/watch/insidious-the-dark-realm-official-trailer/page/2.html]
[localhost/worldofficialtrailer/index8e1b.html]
[localhost/worldofficialtrailer/watch/bajrangi-bhaijaan-2-official-trailer/OneSignalSDKUpdaterWorker.html]
[localhost/worldofficialtrailer/watch/bajrangi-bhaijaan-2-official-trailer/OneSignalSDKWorker.html]
[localhost/worldofficialtrailer/wp-admin/admin-ajaxe612.json]
[localhost/worldofficialtrailer/player-embed/id/260/index.html]
[localhost/worldofficialtrailer/wp-json/oembed/1.0/embed54d5.json]
[localhost/worldofficialtrailer/wp-json/oembed/1.0/embedb183]
[localhost/worldofficialtrailer/watch/joker-official-trailer/index.html]
[localhost/worldofficialtrailer/wp-json/oembed/1.0/embed3681.json]
[localhost/worldofficialtrailer/wp-json/oembed/1.0/embed0f30]
[localhost/worldofficialtrailer/watch/rrr-official-trailer/index.html]
[localhost/worldofficialtrailer/wp-json/oembed/1.0/embed5701.json]
[localhost/worldofficialtrailer/wp-json/oembed/1.0/embed62b7]
[localhost/worldofficialtrailer/watch/prithviraj-official-trailer/index.html]
[localhost/worldofficialtrailer/wp-json/oembed/1.0/embedfc1b.json]
[localhost/worldofficialtrailer/wp-json/oembed/1.0/embed1d23]
[localhost/worldofficialtrailer/watch/attack-official-trailer/index.html]
[localhost/worldofficialtrailer/wp-json/oembed/1.0/embed438c.json]
[localhost/worldofficialtrailer/wp-json/oembed/1.0/embed5065]
[localhost/worldofficialtrailer/watch/jersey-official-trailer/index.html]
[localhost/worldofficialtrailer/wp-json/oembed/1.0/embed1a4f.json]
[localhost/worldofficialtrailer/wp-json/oembed/1.0/embeddf63]
[localhost/worldofficialtrailer/watch/pathan-official-trailer/index.html]
[localhost/worldofficialtrailer/wp-json/oembed/1.0/embede59f.json]
[localhost/worldofficialtrailer/wp-json/oembed/1.0/embed717f]
[localhost/worldofficialtrailer/watch/bachchan-pandey-official-trailer/index.html]
[localhost/worldofficialtrailer/video-category/hindi/OneSignalSDKUpdaterWorker.html]
[localhost/worldofficialtrailer/video-category/hindi/OneSignalSDKWorker.html]
[localhost/worldofficialtrailer/indexc544.html]
[localhost/worldofficialtrailer/watch/the-ledge-official-trailer/OneSignalSDKUpdaterWorker.html]
[localhost/worldofficialtrailer/watch/the-ledge-official-trailer/OneSignalSDKWorker.html]
[localhost/worldofficialtrailer/wp-admin/admin-ajax0652.json]
[localhost/worldofficialtrailer/player-embed/id/259/index.html]
[localhost/worldofficialtrailer/wp-json/oembed/1.0/embed54db.json]
[localhost/worldofficialtrailer/wp-json/oembed/1.0/embeda770]
[localhost/worldofficialtrailer/watch/doctor-strange-in-the-multiverse-of-madness-official-trailer/index.html]
[localhost/worldofficialtrailer/watch/the-ledge-official-trailer/page/2.html]
[localhost/worldofficialtrailer/index548d.html]
[localhost/worldofficialtrailer/watch/ozark-season-4-part-1-official-trailer/OneSignalSDKUpdaterWorker.html]
[localhost/worldofficialtrailer/watch/ozark-season-4-part-1-official-trailer/OneSignalSDKWorker.html]
[localhost/worldofficialtrailer/wp-admin/admin-ajaxf995.json]
[localhost/worldofficialtrailer/player-embed/id/257/index.html]
[localhost/worldofficialtrailer/wp-json/oembed/1.0/embed632c.json]
[localhost/worldofficialtrailer/wp-json/oembed/1.0/embedb64b]
[localhost/worldofficialtrailer/watch/morbius-official-trailer/index.html]
[localhost/worldofficialtrailer/watch/ozark-season-4-part-1-official-trailer/page/2.html]
[localhost/worldofficialtrailer/index0c93.html]
[localhost/worldofficialtrailer/watch/archive-81-official-trailer/OneSignalSDKUpdaterWorker.html]
[localhost/worldofficialtrailer/watch/archive-81-official-trailer/OneSignalSDKWorker.html]
[localhost/worldofficialtrailer/wp-admin/admin-ajax6b11.json]
[localhost/worldofficialtrailer/player-embed/id/255/index.html]
[localhost/worldofficialtrailer/watch/archive-81-official-trailer/page/2.html]
[localhost/worldofficialtrailer/indexa943.html]
[localhost/worldofficialtrailer/watch/the-woman-in-the-house-across-the-street-from-the-girl-in-the-window-official-trailer/OneSignalSDKUpdaterWorker.html]
[localhost/worldofficialtrailer/watch/the-woman-in-the-house-across-the-street-from-the-girl-in-the-window-official-trailer/OneSignalSDKWorker.html]
[localhost/worldofficialtrailer/wp-admin/admin-ajax8df5.json]
[localhost/worldofficialtrailer/player-embed/id/252/index.html]
[localhost/worldofficialtrailer/watch/the-woman-in-the-house-across-the-street-from-the-girl-in-the-window-official-trailer/page/2.html]
[localhost/worldofficialtrailer/indexcfe0.html]
[localhost/worldofficialtrailer/watch/sundown-official-trailer/OneSignalSDKUpdaterWorker.html]
[localhost/worldofficialtrailer/watch/sundown-official-trailer/OneSignalSDKWorker.html]
[localhost/worldofficialtrailer/wp-admin/admin-ajax7048.json]
[localhost/worldofficialtrailer/player-embed/id/240/index.html]
[localhost/worldofficialtrailer/watch/sundown-official-trailer/page/2.html]
[localhost/worldofficialtrailer/index3dc6.html]
[localhost/worldofficialtrailer/watch/human-world-official-trailer/OneSignalSDKUpdaterWorker.html]
[localhost/worldofficialtrailer/watch/human-world-official-trailer/OneSignalSDKWorker.html]
[localhost/worldofficialtrailer/wp-admin/admin-ajax657c.json]
[localhost/worldofficialtrailer/player-embed/id/238/index.html]
[localhost/worldofficialtrailer/index0133.html]
[localhost/worldofficialtrailer/watch/chakda-xpress-official-trailer/OneSignalSDKUpdaterWorker.html]
[localhost/worldofficialtrailer/watch/chakda-xpress-official-trailer/OneSignalSDKWorker.html]
[localhost/worldofficialtrailer/wp-admin/admin-ajax530a.json]
[localhost/worldofficialtrailer/player-embed/id/236/index.html]
[localhost/worldofficialtrailer/index6cd9.html]
[localhost/worldofficialtrailer/watch/the-commando-official-trailer/OneSignalSDKUpdaterWorker.html]
[localhost/worldofficialtrailer/watch/the-commando-official-trailer/OneSignalSDKWorker.html]
[localhost/worldofficialtrailer/wp-admin/admin-ajax8086.json]
[localhost/worldofficialtrailer/player-embed/id/234/index.html]
[localhost/worldofficialtrailer/wp-json/oembed/1.0/embedfa3e.json]
[localhost/worldofficialtrailer/wp-json/oembed/1.0/embed34fe]
[localhost/worldofficialtrailer/watch/black-adam-official-trailer/index.html]
[localhost/worldofficialtrailer/watch/the-commando-official-trailer/page/2.html]
[localhost/worldofficialtrailer/index80c9.html]
[localhost/worldofficialtrailer/watch/the-free-fall-official-trailer/OneSignalSDKUpdaterWorker.html]
[localhost/worldofficialtrailer/watch/the-free-fall-official-trailer/OneSignalSDKWorker.html]
[localhost/worldofficialtrailer/wp-admin/admin-ajax6b6c.json]
[localhost/worldofficialtrailer/player-embed/id/232/index.html]
[localhost/worldofficialtrailer/watch/the-free-fall-official-trailer/page/2.html]
[localhost/worldofficialtrailer/index9fa1.html]
[localhost/worldofficialtrailer/watch/shattered-official-trailer/OneSignalSDKUpdaterWorker.html]
[localhost/worldofficialtrailer/watch/shattered-official-trailer/OneSignalSDKWorker.html]
[localhost/worldofficialtrailer/wp-admin/admin-ajax6b73.json]
[localhost/worldofficialtrailer/player-embed/id/230/index.html]
[localhost/worldofficialtrailer/watch/shattered-official-trailer/page/2.html]
[localhost/worldofficialtrailer/index6eea.html]
[localhost/worldofficialtrailer/watch/stoker-hills-official-trailer/OneSignalSDKUpdaterWorker.html]
[localhost/worldofficialtrailer/watch/stoker-hills-official-trailer/OneSignalSDKWorker.html]
[localhost/worldofficialtrailer/wp-admin/admin-ajax5202.json]
[localhost/worldofficialtrailer/player-embed/id/228/index.html]
[localhost/worldofficialtrailer/watch/stoker-hills-official-trailer/page/2.html]
[localhost/worldofficialtrailer/index8c34.html]
[localhost/worldofficialtrailer/watch/italian-studies-official-trailer/OneSignalSDKUpdaterWorker.html]
[localhost/worldofficialtrailer/watch/italian-studies-official-trailer/OneSignalSDKWorker.html]
[localhost/worldofficialtrailer/wp-admin/admin-ajax6b0b.json]
[localhost/worldofficialtrailer/player-embed/id/226/index.html]
[localhost/worldofficialtrailer/watch/italian-studies-official-trailer/page/2.html]
[localhost/worldofficialtrailer/indexd027.html]
[localhost/worldofficialtrailer/watch/bangarraju-official-trailer/OneSignalSDKUpdaterWorker.html]
[localhost/worldofficialtrailer/watch/bangarraju-official-trailer/OneSignalSDKWorker.html]
[localhost/worldofficialtrailer/wp-admin/admin-ajax703c.json]
[localhost/worldofficialtrailer/player-embed/id/223/index.html]
[localhost/worldofficialtrailer/wp-json/oembed/1.0/embed168c.json]
[localhost/worldofficialtrailer/wp-json/oembed/1.0/embedbce3]
[localhost/worldofficialtrailer/watch/radhe-shyam-official-trailer/index.html]
[localhost/worldofficialtrailer/wp-json/oembed/1.0/embed4894.json]
[localhost/worldofficialtrailer/wp-json/oembed/1.0/embedb9d9]
[localhost/worldofficialtrailer/watch/bheemla-nayak-official-trailer/index.html]
[localhost/worldofficialtrailer/video-category/telugu/OneSignalSDKUpdaterWorker.html]
[localhost/worldofficialtrailer/video-category/telugu/OneSignalSDKWorker.html]
[localhost/worldofficialtrailer/page/2/OneSignalSDKUpdaterWorker.html]
[localhost/worldofficialtrailer/page/2/OneSignalSDKWorker.html]
[localhost/worldofficialtrailer/wp-json/oembed/1.0/embedd51c.json]
[localhost/worldofficialtrailer/wp-json/oembed/1.0/embedaec7]
[localhost/worldofficialtrailer/watch/beast-official-trailer/index.html]
[localhost/worldofficialtrailer/video-category/tamil/index.html]
[localhost/worldofficialtrailer/page/3/OneSignalSDKUpdaterWorker.html]
[localhost/worldofficialtrailer/page/3/OneSignalSDKWorker.html]
[localhost/worldofficialtrailer/wp-json/oembed/1.0/embed8232.json]
[localhost/worldofficialtrailer/wp-json/oembed/1.0/embed0307]
[localhost/worldofficialtrailer/watch/android-app/index.html]
[localhost/worldofficialtrailer/video-category/android-app/index.html]
[localhost/worldofficialtrailer/wp-json/oembed/1.0/embed07bb.json]
[localhost/worldofficialtrailer/wp-json/oembed/1.0/embedc4d7]
[localhost/worldofficialtrailer/watch/valimai-official-trailer/index.html]
[pagead2.googlesyndication.com/pagead/js/adsbygoogle2226.js]
[maxcdn.bootstrapcdn.com/bootstrap/4.0.0/css/bootstrap.min.css]
[code.jquery.com/jquery-3.2.1.slim.min.js]
[cdnjs.cloudflare.com/ajax/libs/popper.js/1.12.9/umd/popper.min.js]
[maxcdn.bootstrapcdn.com/bootstrap/4.0.0/js/bootstrap.min.js]
[translate.google.com/translate_a/element7876.js]
[localhost/dashboard/stylesheets/normalize.css]
[localhost/dashboard/images/social-icons.png]
[localhost/dashboard/images/social-icons-large.png]
[localhost/dashboard/images/social-icons@2x.png]
[localhost/dashboard/images/social-icons-large@2x.png]
[localhost/dashboard/stylesheets/all.css]
[localhost/dashboard/images/pdf-icon.png]
[localhost/dashboard/index-2.html]
[localhost/applications.html]
[localhost/dashboard/images/screenshots/xampp-windows-start.jpg]
[localhost/dashboard/faq.html]
[localhost/dashboard/howto.html]
[localhost/dashboard/phpinfo.html]
[localhost/phpmyadmin/index.html]
[localhost/dashboard/images/xampp-logo.svg]
[localhost/worldofficialtrailer/author/worldtrailer/OneSignalSDKUpdaterWorker.html]
[localhost/worldofficialtrailer/author/worldtrailer/OneSignalSDKWorker.html]
[localhost/worldofficialtrailer/player-embed/id/264/GET.html]
[localhost/worldofficialtrailer/index8816.html]
[localhost/worldofficialtrailer/watch/brazen-deadly-desires-official-trailer/OneSignalSDKUpdaterWorker.html]
[localhost/worldofficialtrailer/watch/brazen-deadly-desires-official-trailer/OneSignalSDKWorker.html]
[localhost/worldofficialtrailer/wp-admin/admin-ajax746d.json]
[localhost/worldofficialtrailer/player-embed/id/161/index.html]
[localhost/worldofficialtrailer/watch/brazen-deadly-desires-official-trailer/page/2.html]
[localhost/worldofficialtrailer/watch/brazen-deadly-desires-official-trailer/page/3.html]
[localhost/worldofficialtrailer/index7760.html]
[localhost/worldofficialtrailer/watch/jurassic-world-3-dominion-official-trailer/OneSignalSDKUpdaterWorker.html]
[localhost/worldofficialtrailer/watch/jurassic-world-3-dominion-official-trailer/OneSignalSDKWorker.html]
[localhost/worldofficialtrailer/wp-admin/admin-ajaxf66e.json]
[localhost/worldofficialtrailer/player-embed/id/164/index.html]
[localhost/worldofficialtrailer/watch/jurassic-world-3-dominion-official-trailer/page/2.html]
[localhost/worldofficialtrailer/indexf488.html]
[localhost/worldofficialtrailer/watch/the-black-phone-official-trailer/OneSignalSDKUpdaterWorker.html]
[localhost/worldofficialtrailer/watch/the-black-phone-official-trailer/OneSignalSDKWorker.html]
[localhost/worldofficialtrailer/wp-admin/admin-ajax82f2.json]
[localhost/worldofficialtrailer/player-embed/id/146/index.html]
[localhost/worldofficialtrailer/watch/the-black-phone-official-trailer/page/2.html]
[localhost/worldofficialtrailer/index5791.html]
[localhost/worldofficialtrailer/watch/uncharted-official-trailer/OneSignalSDKUpdaterWorker.html]
[localhost/worldofficialtrailer/watch/uncharted-official-trailer/OneSignalSDKWorker.html]
[localhost/worldofficialtrailer/wp-admin/admin-ajax4b86.json]
[localhost/worldofficialtrailer/player-embed/id/157/index.html]
[localhost/worldofficialtrailer/watch/uncharted-official-trailer/page/2.html]
[localhost/worldofficialtrailer/watch/uncharted-official-trailer/page/3.html]
[localhost/worldofficialtrailer/indexb950.html]
[localhost/worldofficialtrailer/watch/fantastic-beasts-the-secrets-of-dumbledore-official-trailer/OneSignalSDKUpdaterWorker.html]
[localhost/worldofficialtrailer/watch/fantastic-beasts-the-secrets-of-dumbledore-official-trailer/OneSignalSDKWorker.html]
[localhost/worldofficialtrailer/wp-admin/admin-ajax6cad.json]
[localhost/worldofficialtrailer/player-embed/id/159/index.html]
[localhost/worldofficialtrailer/watch/fantastic-beasts-the-secrets-of-dumbledore-official-trailer/page/2.html]
[localhost/worldofficialtrailer/watch/fantastic-beasts-the-secrets-of-dumbledore-official-trailer/page/3.html]
[localhost/worldofficialtrailer/indexe6f0.html]
[localhost/worldofficialtrailer/watch/scream-official-trailer/OneSignalSDKUpdaterWorker.html]
[localhost/worldofficialtrailer/watch/scream-official-trailer/OneSignalSDKWorker.html]
[localhost/worldofficialtrailer/wp-admin/admin-ajax3080.json]
[localhost/worldofficialtrailer/player-embed/id/103/index.html]
[localhost/worldofficialtrailer/watch/scream-official-trailer/page/2.html]
[localhost/worldofficialtrailer/watch/scream-official-trailer/page/3.html]
[localhost/worldofficialtrailer/indexe9b4.html]
[localhost/worldofficialtrailer/watch/operation-fortune-ruse-de-guerre-official-trailer/OneSignalSDKUpdaterWorker.html]
[localhost/worldofficialtrailer/watch/operation-fortune-ruse-de-guerre-official-trailer/OneSignalSDKWorker.html]
[localhost/worldofficialtrailer/wp-admin/admin-ajax55df.json]
[localhost/worldofficialtrailer/player-embed/id/58/index.html]
[localhost/worldofficialtrailer/watch/operation-fortune-ruse-de-guerre-official-trailer/page/2.html]
[localhost/worldofficialtrailer/index198a.html]
[localhost/worldofficialtrailer/watch/ambulance-official-trailer/OneSignalSDKUpdaterWorker.html]
[localhost/worldofficialtrailer/watch/ambulance-official-trailer/OneSignalSDKWorker.html]
[localhost/worldofficialtrailer/wp-admin/admin-ajaxdf8c.json]
[localhost/worldofficialtrailer/player-embed/id/101/index.html]
[localhost/worldofficialtrailer/watch/ambulance-official-trailer/page/2.html]
[localhost/worldofficialtrailer/indexbbc7.html]
[localhost/worldofficialtrailer/watch/home-team-official-trailer/OneSignalSDKUpdaterWorker.html]
[localhost/worldofficialtrailer/watch/home-team-official-trailer/OneSignalSDKWorker.html]
[localhost/worldofficialtrailer/wp-admin/admin-ajaxb54b.json]
[localhost/worldofficialtrailer/player-embed/id/162/index.html]
[localhost/worldofficialtrailer/watch/home-team-official-trailer/page/2.html]
[localhost/worldofficialtrailer/watch/home-team-official-trailer/page/3.html]
[localhost/worldofficialtrailer/index8af0.html]
[localhost/worldofficialtrailer/watch/the-lost-city-official-trailer/OneSignalSDKUpdaterWorker.html]
[localhost/worldofficialtrailer/watch/the-lost-city-official-trailer/OneSignalSDKWorker.html]
[localhost/worldofficialtrailer/wp-admin/admin-ajax783e.json]
[localhost/worldofficialtrailer/player-embed/id/158/index.html]
[localhost/worldofficialtrailer/watch/the-lost-city-official-trailer/page/2.html]
[localhost/worldofficialtrailer/index17d5.html]
[localhost/worldofficialtrailer/watch/moonfall-official-trailer/OneSignalSDKUpdaterWorker.html]
[localhost/worldofficialtrailer/watch/moonfall-official-trailer/OneSignalSDKWorker.html]
[localhost/worldofficialtrailer/wp-admin/admin-ajax872f.json]
[localhost/worldofficialtrailer/player-embed/id/165/index.html]
[localhost/worldofficialtrailer/watch/moonfall-official-trailer/page/2.html]
[localhost/worldofficialtrailer/watch/summer-heat-official-trailer/page/OneSignalSDKUpdaterWorker.html]
[localhost/worldofficialtrailer/watch/summer-heat-official-trailer/page/OneSignalSDKWorker.html]
[i.ytimg.com/vi/wp67TD8oE18/maxresdefault.jpg]
[localhost/worldofficialtrailer/video-category/OneSignalSDKUpdaterWorker.js/index.html]
[localhost/worldofficialtrailer/video-category/OneSignalSDKWorker.js/index.html]
[localhost/worldofficialtrailer/video-category/kannada/index.html]
[localhost/worldofficialtrailer/video-category/korean/index.html]
[localhost/worldofficialtrailer/indexada0.html]
[localhost/worldofficialtrailer/watch/book-of-love-official-trailer/OneSignalSDKUpdaterWorker.html]
[localhost/worldofficialtrailer/watch/book-of-love-official-trailer/OneSignalSDKWorker.html]
[localhost/worldofficialtrailer/wp-admin/admin-ajax6833.json]
[localhost/worldofficialtrailer/player-embed/id/168/index.html]
[localhost/worldofficialtrailer/watch/book-of-love-official-trailer/page/2.html]
[localhost/worldofficialtrailer/index3350.html]
[localhost/worldofficialtrailer/watch/i-want-you-back-official-trailer/OneSignalSDKUpdaterWorker.html]
[localhost/worldofficialtrailer/watch/i-want-you-back-official-trailer/OneSignalSDKWorker.html]
[localhost/worldofficialtrailer/wp-admin/admin-ajaxef58.json]
[localhost/worldofficialtrailer/player-embed/id/167/index.html]
[localhost/worldofficialtrailer/watch/i-want-you-back-official-trailer/page/2.html]
[localhost/worldofficialtrailer/index8e01.html]
[localhost/worldofficialtrailer/watch/search-party-season-5-official-trailer/OneSignalSDKUpdaterWorker.html]
[localhost/worldofficialtrailer/watch/search-party-season-5-official-trailer/OneSignalSDKWorker.html]
[localhost/worldofficialtrailer/wp-admin/admin-ajax30f8.json]
[localhost/worldofficialtrailer/player-embed/id/166/index.html]
[localhost/worldofficialtrailer/watch/search-party-season-5-official-trailer/page/2.html]
[localhost/worldofficialtrailer/video-category/english/page/2/OneSignalSDKUpdaterWorker.html]
[localhost/worldofficialtrailer/video-category/english/page/2/OneSignalSDKWorker.html]
[localhost/worldofficialtrailer/player-embed/id/262/GET.html]
[localhost/worldofficialtrailer/index248a.html]
[localhost/worldofficialtrailer/watch/death-on-the-nile-official-trailer/OneSignalSDKUpdaterWorker.html]
[localhost/worldofficialtrailer/watch/death-on-the-nile-official-trailer/OneSignalSDKWorker.html]
[localhost/worldofficialtrailer/wp-admin/admin-ajax8b5d.json]
[localhost/worldofficialtrailer/player-embed/id/140/index.html]
[localhost/worldofficialtrailer/watch/death-on-the-nile-official-trailer/page/2.html]
[localhost/worldofficialtrailer/index5eda.html]
[localhost/worldofficialtrailer/watch/peacemaker-official-trailer/OneSignalSDKUpdaterWorker.html]
[localhost/worldofficialtrailer/watch/peacemaker-official-trailer/OneSignalSDKWorker.html]
[localhost/worldofficialtrailer/wp-admin/admin-ajax49ae.json]
[localhost/worldofficialtrailer/player-embed/id/95/index.html]
[localhost/worldofficialtrailer/watch/peacemaker-official-trailer/page/2.html]
[localhost/worldofficialtrailer/index9c2b.html]
[localhost/worldofficialtrailer/watch/the-royal-treatment-official-trailer/OneSignalSDKUpdaterWorker.html]
[localhost/worldofficialtrailer/watch/the-royal-treatment-official-trailer/OneSignalSDKWorker.html]
[localhost/worldofficialtrailer/wp-admin/admin-ajax29a9.json]
[localhost/worldofficialtrailer/player-embed/id/160/index.html]
[localhost/worldofficialtrailer/watch/the-royal-treatment-official-trailer/page/2.html]
[localhost/worldofficialtrailer/watch/the-royal-treatment-official-trailer/page/3.html]
[localhost/worldofficialtrailer/watch/insidious-the-dark-realm-official-trailer/page/OneSignalSDKUpdaterWorker.html]
[localhost/worldofficialtrailer/watch/insidious-the-dark-realm-official-trailer/page/OneSignalSDKWorker.html]
[i.ytimg.com/vi/uJ3hwQaRr0w/maxresdefault.jpg]
[localhost/worldofficialtrailer/player-embed/id/260/GET.html]
[localhost/worldofficialtrailer/indexd4a6.html]
[localhost/worldofficialtrailer/watch/joker-official-trailer/OneSignalSDKUpdaterWorker.html]
[localhost/worldofficialtrailer/watch/joker-official-trailer/OneSignalSDKWorker.html]
[localhost/worldofficialtrailer/wp-admin/admin-ajax8d3c.json]
[localhost/worldofficialtrailer/player-embed/id/124/index.html]
[localhost/worldofficialtrailer/index6aed.html]
[localhost/worldofficialtrailer/watch/rrr-official-trailer/OneSignalSDKUpdaterWorker.html]
[localhost/worldofficialtrailer/watch/rrr-official-trailer/OneSignalSDKWorker.html]
[localhost/worldofficialtrailer/wp-admin/admin-ajax6daa.json]
[localhost/worldofficialtrailer/player-embed/id/50/index.html]
[localhost/worldofficialtrailer/index460d.html]
[localhost/worldofficialtrailer/watch/prithviraj-official-trailer/OneSignalSDKUpdaterWorker.html]
[localhost/worldofficialtrailer/watch/prithviraj-official-trailer/OneSignalSDKWorker.html]
[localhost/worldofficialtrailer/wp-admin/admin-ajax14f4.json]
[localhost/worldofficialtrailer/player-embed/id/108/index.html]
[localhost/worldofficialtrailer/indexe887.html]
[localhost/worldofficialtrailer/watch/attack-official-trailer/OneSignalSDKUpdaterWorker.html]
[localhost/worldofficialtrailer/watch/attack-official-trailer/OneSignalSDKWorker.html]
[localhost/worldofficialtrailer/wp-admin/admin-ajax5b44.json]
[localhost/worldofficialtrailer/player-embed/id/109/index.html]
[localhost/worldofficialtrailer/index3fbb.html]
[localhost/worldofficialtrailer/watch/jersey-official-trailer/OneSignalSDKUpdaterWorker.html]
[localhost/worldofficialtrailer/watch/jersey-official-trailer/OneSignalSDKWorker.html]
[localhost/worldofficialtrailer/wp-admin/admin-ajaxc79a.json]
[localhost/worldofficialtrailer/player-embed/id/89/index.html]
[localhost/worldofficialtrailer/index1a26.html]
[localhost/worldofficialtrailer/watch/pathan-official-trailer/OneSignalSDKUpdaterWorker.html]
[localhost/worldofficialtrailer/watch/pathan-official-trailer/OneSignalSDKWorker.html]
[localhost/worldofficialtrailer/wp-admin/admin-ajaxa957.json]
[localhost/worldofficialtrailer/player-embed/id/138/index.html]
[localhost/worldofficialtrailer/indexee5b.html]
[localhost/worldofficialtrailer/watch/bachchan-pandey-official-trailer/OneSignalSDKUpdaterWorker.html]
[localhost/worldofficialtrailer/watch/bachchan-pandey-official-trailer/OneSignalSDKWorker.html]
[localhost/worldofficialtrailer/wp-admin/admin-ajaxadd6.json]
[localhost/worldofficialtrailer/player-embed/id/142/index.html]
[i.ytimg.com/vi/GRVvzuOPp1c/maxresdefault.jpg]
[localhost/worldofficialtrailer/player-embed/id/259/GET.html]
[localhost/worldofficialtrailer/indexdc22.html]
[localhost/worldofficialtrailer/watch/doctor-strange-in-the-multiverse-of-madness-official-trailer/OneSignalSDKUpdaterWorker.html]
[localhost/worldofficialtrailer/watch/doctor-strange-in-the-multiverse-of-madness-official-trailer/OneSignalSDKWorker.html]
[localhost/worldofficialtrailer/wp-admin/admin-ajax4efd.json]
[localhost/worldofficialtrailer/player-embed/id/143/index.html]
[localhost/worldofficialtrailer/watch/doctor-strange-in-the-multiverse-of-madness-official-trailer/page/2.html]
[localhost/worldofficialtrailer/watch/the-ledge-official-trailer/page/OneSignalSDKUpdaterWorker.html]
[localhost/worldofficialtrailer/watch/the-ledge-official-trailer/page/OneSignalSDKWorker.html]
[i.ytimg.com/vi/lI5QB-BOWNo/maxresdefault.jpg]
[localhost/worldofficialtrailer/player-embed/id/257/GET.html]
[localhost/worldofficialtrailer/indexc5eb.html]
[localhost/worldofficialtrailer/watch/morbius-official-trailer/OneSignalSDKUpdaterWorker.html]
[localhost/worldofficialtrailer/watch/morbius-official-trailer/OneSignalSDKWorker.html]
[localhost/worldofficialtrailer/wp-admin/admin-ajax586f.json]
[localhost/worldofficialtrailer/player-embed/id/102/index.html]
[localhost/worldofficialtrailer/watch/morbius-official-trailer/page/2.html]
[localhost/worldofficialtrailer/watch/ozark-season-4-part-1-official-trailer/page/OneSignalSDKUpdaterWorker.html]
[localhost/worldofficialtrailer/watch/ozark-season-4-part-1-official-trailer/page/OneSignalSDKWorker.html]
[i.ytimg.com/vi/6FTjtlNtDQc/maxresdefault.jpg]
[localhost/worldofficialtrailer/player-embed/id/255/GET.html]
[localhost/worldofficialtrailer/watch/archive-81-official-trailer/page/OneSignalSDKUpdaterWorker.html]
[localhost/worldofficialtrailer/watch/archive-81-official-trailer/page/OneSignalSDKWorker.html]
[i.ytimg.com/vi/s5wtUwm9uiU/maxresdefault.jpg]
[localhost/worldofficialtrailer/player-embed/id/252/GET.html]
[localhost/worldofficialtrailer/watch/the-woman-in-the-house-across-the-street-from-the-girl-in-the-window-official-trailer/page/OneSignalSDKUpdaterWorker.html]
[localhost/worldofficialtrailer/watch/the-woman-in-the-house-across-the-street-from-the-girl-in-the-window-official-trailer/page/OneSignalSDKWorker.html]
[i.ytimg.com/vi/fuUZCoyoHo4/maxresdefault.jpg]
[localhost/worldofficialtrailer/player-embed/id/240/GET.html]
[localhost/worldofficialtrailer/watch/sundown-official-trailer/page/OneSignalSDKUpdaterWorker.html]
[localhost/worldofficialtrailer/watch/sundown-official-trailer/page/OneSignalSDKWorker.html]
[i.ytimg.com/vi/dte6YUfWwHw/maxresdefault.jpg]
[localhost/worldofficialtrailer/player-embed/id/238/GET.html]
[i.ytimg.com/vi/q-a15OrmiXA/maxresdefault.jpg]
[localhost/worldofficialtrailer/player-embed/id/236/GET.html]
[i.ytimg.com/vi/QXs1kszXkIs/maxresdefault.jpg]
[localhost/worldofficialtrailer/player-embed/id/234/GET.html]
[localhost/worldofficialtrailer/index4034.html]
[localhost/worldofficialtrailer/watch/black-adam-official-trailer/OneSignalSDKUpdaterWorker.html]
[localhost/worldofficialtrailer/watch/black-adam-official-trailer/OneSignalSDKWorker.html]
[localhost/worldofficialtrailer/wp-admin/admin-ajax6bff.json]
[localhost/worldofficialtrailer/player-embed/id/163/index.html]
[localhost/worldofficialtrailer/watch/black-adam-official-trailer/page/2.html]
[localhost/worldofficialtrailer/watch/the-commando-official-trailer/page/OneSignalSDKUpdaterWorker.html]
[localhost/worldofficialtrailer/watch/the-commando-official-trailer/page/OneSignalSDKWorker.html]
[i.ytimg.com/vi/z9pp_ZxqRgc/maxresdefault.jpg]
[localhost/worldofficialtrailer/player-embed/id/232/GET.html]
[localhost/worldofficialtrailer/watch/the-free-fall-official-trailer/page/OneSignalSDKUpdaterWorker.html]
[localhost/worldofficialtrailer/watch/the-free-fall-official-trailer/page/OneSignalSDKWorker.html]
[i.ytimg.com/vi/KPmY0IyD7FQ/maxresdefault.jpg]
[localhost/worldofficialtrailer/player-embed/id/230/GET.html]
[localhost/worldofficialtrailer/watch/shattered-official-trailer/page/OneSignalSDKUpdaterWorker.html]
[localhost/worldofficialtrailer/watch/shattered-official-trailer/page/OneSignalSDKWorker.html]
[i.ytimg.com/vi/eQp07luHejw/maxresdefault.jpg]
[localhost/worldofficialtrailer/player-embed/id/228/GET.html]
[localhost/worldofficialtrailer/watch/stoker-hills-official-trailer/page/OneSignalSDKUpdaterWorker.html]
[localhost/worldofficialtrailer/watch/stoker-hills-official-trailer/page/OneSignalSDKWorker.html]
[i.ytimg.com/vi/yF-_U7Rpovo/maxresdefault.jpg]
[localhost/worldofficialtrailer/player-embed/id/226/GET.html]
[localhost/worldofficialtrailer/watch/italian-studies-official-trailer/page/OneSignalSDKUpdaterWorker.html]
[localhost/worldofficialtrailer/watch/italian-studies-official-trailer/page/OneSignalSDKWorker.html]
[i.ytimg.com/vi/40abc3hG_zE/maxresdefault.jpg]
[localhost/worldofficialtrailer/player-embed/id/223/GET.html]
[localhost/worldofficialtrailer/indexea0f.html]
[localhost/worldofficialtrailer/watch/radhe-shyam-official-trailer/OneSignalSDKUpdaterWorker.html]
[localhost/worldofficialtrailer/watch/radhe-shyam-official-trailer/OneSignalSDKWorker.html]
[localhost/worldofficialtrailer/wp-admin/admin-ajaxbdc8.json]
[localhost/worldofficialtrailer/player-embed/id/105/index.html]
[localhost/worldofficialtrailer/index9430.html]
[localhost/worldofficialtrailer/watch/bheemla-nayak-official-trailer/OneSignalSDKUpdaterWorker.html]
[localhost/worldofficialtrailer/watch/bheemla-nayak-official-trailer/OneSignalSDKWorker.html]
[localhost/worldofficialtrailer/wp-admin/admin-ajax12bc.json]
[localhost/worldofficialtrailer/player-embed/id/104/index.html]
[i.ytimg.com/vi/LaIB9_PcvQU/maxresdefault.jpg]
[localhost/worldofficialtrailer/indexd1a7.html]
[localhost/worldofficialtrailer/watch/beast-official-trailer/OneSignalSDKUpdaterWorker.html]
[localhost/worldofficialtrailer/watch/beast-official-trailer/OneSignalSDKWorker.html]
[localhost/worldofficialtrailer/wp-admin/admin-ajaxa28a.json]
[localhost/worldofficialtrailer/player-embed/id/156/index.html]
[localhost/worldofficialtrailer/video-category/tamil/OneSignalSDKUpdaterWorker.html]
[localhost/worldofficialtrailer/video-category/tamil/OneSignalSDKWorker.html]
[localhost/worldofficialtrailer/indexe856.html]
[localhost/worldofficialtrailer/watch/android-app/OneSignalSDKUpdaterWorker.html]
[localhost/worldofficialtrailer/watch/android-app/OneSignalSDKWorker.html]
[localhost/worldofficialtrailer/wp-content/plugins/all-in-one-video-gallery/vendor/videojs/video.min5fb2.js]
[localhost/worldofficialtrailer/wp-content/plugins/all-in-one-video-gallery/vendor/videojs-plugins/can-autoplay/can-autoplay.min2513.js]
[localhost/worldofficialtrailer/wp-admin/admin-ajax59a2.json]
[localhost/worldofficialtrailer/player-embed/id/121/index.html]
[localhost/worldofficialtrailer/video-category/android-app/OneSignalSDKUpdaterWorker.html]
[localhost/worldofficialtrailer/video-category/android-app/OneSignalSDKWorker.html]
[localhost/worldofficialtrailer/index5a24.html]
[localhost/worldofficialtrailer/watch/valimai-official-trailer/OneSignalSDKUpdaterWorker.html]
[localhost/worldofficialtrailer/watch/valimai-official-trailer/OneSignalSDKWorker.html]
[localhost/worldofficialtrailer/wp-admin/admin-ajaxb6d1.json]
[localhost/worldofficialtrailer/player-embed/id/107/index.html]
[iclickcdn.com/tag.min.js]
[cdn.onesignal.com/sdks/OneSignalSDKc8d8.js]
[localhost/bitnami.css]
[localhost/dashboard/docs/backup-restore-mysql.pdf]
[localhost/dashboard/docs/images/backup-restore-mysql/image1.png]
[localhost/dashboard/docs/images/backup-restore-mysql/image2.png]
[localhost/dashboard/docs/images/backup-restore-mysql/image3.png]
[localhost/dashboard/docs/images/backup-restore-mysql/image4.png]
[localhost/dashboard/docs/images/backup-restore-mysql/image5.png]
[localhost/dashboard/docs/images/backup-restore-mysql/image6.png]
[localhost/dashboard/docs/images/backup-restore-mysql/image7.png]
[localhost/dashboard/docs/images/backup-restore-mysql/image8.png]
[localhost/dashboard/docs/images/backup-restore-mysql/image9.png]
[localhost/dashboard/docs/images/backup-restore-mysql/image10.png]
[localhost/dashboard/docs/images/backup-restore-mysql/image11.png]
[localhost/dashboard/docs/images/backup-restore-mysql/image12.png]
[localhost/dashboard/docs/images/backup-restore-mysql/image13.png]
[localhost/dashboard/docs/images/backup-restore-mysql/image14.png]
[localhost/dashboard/docs/backup-restore-mysql.html]
[localhost/dashboard/docs/transfer-files-ftp.pdf]
[localhost/dashboard/docs/images/transfer-files-ftp/image1.png]
[localhost/dashboard/docs/images/transfer-files-ftp/image2.png]
[localhost/dashboard/docs/images/transfer-files-ftp/image3.png]
[localhost/dashboard/docs/images/transfer-files-ftp/image4.png]
[localhost/dashboard/docs/images/transfer-files-ftp/image5.png]
[localhost/dashboard/docs/images/transfer-files-ftp/image6.png]
[localhost/dashboard/docs/images/transfer-files-ftp/image7.png]
[localhost/dashboard/docs/images/transfer-files-ftp/image8.png]
[localhost/dashboard/docs/images/transfer-files-ftp/image9.png]
[localhost/dashboard/docs/images/transfer-files-ftp/image10.png]
[localhost/dashboard/docs/images/transfer-files-ftp/image11.png]
[localhost/dashboard/docs/transfer-files-ftp.html]
[localhost/dashboard/docs/configure-vhosts.pdf]
[localhost/dashboard/docs/images/configure-vhosts/image1.png]
[localhost/dashboard/docs/images/configure-vhosts/image2.png]
[localhost/dashboard/docs/images/configure-vhosts/image3.png]
[localhost/dashboard/docs/images/configure-vhosts/image4.png]
[localhost/dashboard/docs/configure-vhosts.html]
[localhost/dashboard/docs/configure-wildcard-subdomains.pdf]
[localhost/dashboard/docs/images/configure-wildcard-subdomains/image1.png]
[localhost/dashboard/docs/images/configure-wildcard-subdomains/image2.png]
[localhost/dashboard/docs/images/configure-wildcard-subdomains/image3.png]
[localhost/dashboard/docs/images/configure-wildcard-subdomains/image4.png]
[localhost/dashboard/docs/configure-wildcard-subdomains.html]
[localhost/dashboard/docs/deploy-git-app.pdf]
[localhost/dashboard/docs/images/deploy-git-app/image1.png]
[localhost/dashboard/docs/images/deploy-git-app/image2.png]
[localhost/dashboard/docs/images/deploy-git-app/image3.png]
[localhost/dashboard/docs/images/deploy-git-app/image4.png]
[localhost/dashboard/docs/images/deploy-git-app/image5.png]
[localhost/dashboard/docs/images/deploy-git-app/image6.png]
[localhost/dashboard/docs/deploy-git-app.html]
[localhost/dashboard/docs/install-wordpress.pdf]
[localhost/dashboard/docs/images/install-wordpress/image01.png]
[localhost/dashboard/docs/images/install-wordpress/image02.png]
[localhost/dashboard/docs/images/install-wordpress/image11.png]
[localhost/dashboard/docs/images/install-wordpress/image12.png]
[localhost/dashboard/docs/images/install-wordpress/image13.png]
[localhost/dashboard/docs/images/install-wordpress/image14.png]
[localhost/dashboard/docs/images/install-wordpress/image15.png]
[localhost/dashboard/docs/images/install-wordpress/image16.png]
[localhost/dashboard/docs/images/install-wordpress/image17.png]
[localhost/dashboard/docs/images/install-wordpress/image18.png]
[localhost/dashboard/docs/images/install-wordpress/image19.png]
[localhost/dashboard/docs/images/install-wordpress/image110.png]
[localhost/dashboard/docs/images/install-wordpress/image21.png]
[localhost/dashboard/docs/images/install-wordpress/image22.png]
[localhost/dashboard/docs/images/install-wordpress/image23.png]
[localhost/dashboard/docs/images/install-wordpress/image24.png]
[localhost/dashboard/docs/images/install-wordpress/image31.png]
[localhost/dashboard/docs/images/install-wordpress/image32.png]
[localhost/dashboard/docs/images/install-wordpress/image33.png]
[localhost/dashboard/docs/images/install-wordpress/image34.png]
[localhost/dashboard/docs/images/install-wordpress/image35.png]
[localhost/dashboard/docs/images/install-wordpress/image36.png]
[localhost/dashboard/docs/images/install-wordpress/image37.png]
[localhost/dashboard/docs/install-wordpress.html]
[localhost/dashboard/docs/reset-mysql-password.pdf]
[localhost/dashboard/docs/images/reset-mysql-password/image1.png]
[localhost/dashboard/docs/images/reset-mysql-password/image2.png]
[localhost/dashboard/docs/images/reset-mysql-password/image3.png]
[localhost/dashboard/docs/reset-mysql-password.html]
[localhost/dashboard/docs/send-mail.pdf]
[localhost/dashboard/docs/images/send-mail/image1.png]
[localhost/dashboard/docs/images/send-mail/image2.png]
[localhost/dashboard/docs/images/send-mail/image3.png]
[localhost/dashboard/docs/send-mail.html]
[localhost/dashboard/docs/use-sqlite.pdf]
[localhost/dashboard/docs/images/use-sqlite/image1.png]
[localhost/dashboard/docs/images/use-sqlite/image2.png]
[localhost/dashboard/docs/images/use-sqlite/image3.png]
[localhost/dashboard/docs/use-sqlite.html]
[localhost/dashboard/docs/activate-use-xdebug.pdf]
[localhost/dashboard/docs/images/activate-use-xdebug/image1.png]
[localhost/dashboard/docs/images/activate-use-xdebug/image2.png]
[localhost/dashboard/docs/images/activate-use-xdebug/image3.png]
[localhost/dashboard/docs/activate-use-xdebug.html]
[localhost/dashboard/docs/create-framework-project-zf1.pdf]
[localhost/dashboard/docs/images/create-framework-project-zf1/image1.png]
[localhost/dashboard/docs/images/create-framework-project-zf1/image2.png]
[localhost/dashboard/docs/create-framework-project-zf1.html]
[localhost/dashboard/docs/create-framework-project-zf2.pdf]
[localhost/dashboard/docs/images/create-framework-project-zf2/image1.png]
[localhost/dashboard/docs/images/create-framework-project-zf2/image2.png]
[localhost/dashboard/docs/images/create-framework-project-zf2/image3.png]
[localhost/dashboard/docs/images/create-framework-project-zf2/image4.png]
[localhost/dashboard/docs/images/create-framework-project-zf2/image5.png]
[localhost/dashboard/docs/create-framework-project-zf2.html]
[localhost/dashboard/docs/troubleshoot-apache.pdf]
[localhost/dashboard/docs/images/troubleshoot-apache/image1.png]
[localhost/dashboard/docs/images/troubleshoot-apache/image2.png]
[localhost/dashboard/docs/images/troubleshoot-apache/image3.png]
[localhost/dashboard/docs/images/troubleshoot-apache/image4.png]
[localhost/dashboard/docs/images/troubleshoot-apache/image5.png]
[localhost/dashboard/docs/images/troubleshoot-apache/image6.png]
[localhost/dashboard/docs/images/troubleshoot-apache/image7.png]
[localhost/dashboard/docs/images/troubleshoot-apache/image8.png]
[localhost/dashboard/docs/troubleshoot-apache.html]
[localhost/dashboard/docs/change-mysql-temp-dir.pdf]
[localhost/dashboard/docs/change-mysql-temp-dir.html]
[localhost/dashboard/docs/increase-php-file-upload-limit.pdf]
[localhost/dashboard/docs/increase-php-file-upload-limit.html]
[localhost/dashboard/docs/access-phpmyadmin-remotely.pdf]
[localhost/dashboard/docs/images/access-phpmyadmin-remotely/image1.png]
[localhost/dashboard/docs/access-phpmyadmin-remotely.html]
[localhost/dashboard/docs/auto-start-xampp.pdf]
[localhost/dashboard/docs/images/auto-start-xampp/image1.png]
[localhost/dashboard/docs/auto-start-xampp.html]
[localhost/dashboard/docs/use-different-php-version.pdf]
[localhost/dashboard/docs/images/use-different-php-version/image1.png]
[localhost/dashboard/docs/use-different-php-version.html]
[localhost/dashboard/docs/use-php-fcgi.pdf]
[localhost/dashboard/docs/images/use-php-fcgi/image1.png]
[localhost/dashboard/docs/use-php-fcgi.html]
[localhost/dashboard/docs/configure-use-tomcat.pdf]
[localhost/dashboard/docs/images/configure-use-tomcat/image1.png]
[localhost/dashboard/docs/images/configure-use-tomcat/image2.png]
[localhost/dashboard/docs/images/configure-use-tomcat/image3.png]
[localhost/dashboard/docs/images/configure-use-tomcat/image4.png]
[localhost/dashboard/docs/images/configure-use-tomcat/image8.png]
[localhost/dashboard/docs/images/configure-use-tomcat/image5.png]
[localhost/dashboard/docs/images/configure-use-tomcat/image6.png]
[localhost/dashboard/docs/images/configure-use-tomcat/image7.png]
[localhost/dashboard/docs/configure-use-tomcat.html]
[m.media-amazon.com/images/M/MV5BMGJjNzE4NDAtNTQ1Ny00MDA3LWEwZjktZDE0NmU5ZGMyNWM1XkEyXkFqcGdeQXVyNjEwNTM2Mzc@._V1_UX67_CR0,0,67,98_AL_.jpg]
[lofrev.net/wp-content/photos/2017/05/Online_logo_2.png]
[localhost/worldofficialtrailer/player-embed/id/161/GET.html]
[localhost/worldofficialtrailer/watch/brazen-deadly-desires-official-trailer/page/OneSignalSDKUpdaterWorker.html]
[localhost/worldofficialtrailer/watch/brazen-deadly-desires-official-trailer/page/OneSignalSDKWorker.html]
[wegotthiscovered.com/wp-content/uploads/2021/12/brazen-trailer-thumbnail.jpg]
[localhost/worldofficialtrailer/player-embed/id/164/GET.html]
[localhost/worldofficialtrailer/watch/jurassic-world-3-dominion-official-trailer/page/OneSignalSDKUpdaterWorker.html]
[localhost/worldofficialtrailer/watch/jurassic-world-3-dominion-official-trailer/page/OneSignalSDKWorker.html]
[i.ytimg.com/vi/LIatQvNpM6Y/maxresdefault.jpg]
[localhost/worldofficialtrailer/player-embed/id/146/GET.html]
[localhost/worldofficialtrailer/watch/the-black-phone-official-trailer/page/OneSignalSDKUpdaterWorker.html]
[localhost/worldofficialtrailer/watch/the-black-phone-official-trailer/page/OneSignalSDKWorker.html]
[i.ytimg.com/vi/3eGP6im8AZA/maxresdefault.jpg]
[localhost/worldofficialtrailer/player-embed/id/157/GET.html]
[localhost/worldofficialtrailer/watch/uncharted-official-trailer/page/OneSignalSDKUpdaterWorker.html]
[localhost/worldofficialtrailer/watch/uncharted-official-trailer/page/OneSignalSDKWorker.html]
[i.ytimg.com/vi/4wCH1K-ckZw/maxresdefault.jpg]
[localhost/worldofficialtrailer/player-embed/id/159/GET.html]
[localhost/worldofficialtrailer/watch/fantastic-beasts-the-secrets-of-dumbledore-official-trailer/page/OneSignalSDKUpdaterWorker.html]
[localhost/worldofficialtrailer/watch/fantastic-beasts-the-secrets-of-dumbledore-official-trailer/page/OneSignalSDKWorker.html]
[img.youtube.com/vi/HWyXKnQiIXk/maxresdefault.jpg]
[localhost/worldofficialtrailer/player-embed/id/103/GET.html]
[localhost/worldofficialtrailer/watch/scream-official-trailer/page/OneSignalSDKUpdaterWorker.html]
[localhost/worldofficialtrailer/watch/scream-official-trailer/page/OneSignalSDKWorker.html]
[i.ytimg.com/vi/9uXDfwC2-Oo/maxresdefault.jpg]
[localhost/worldofficialtrailer/player-embed/id/58/GET.html]
[localhost/worldofficialtrailer/watch/operation-fortune-ruse-de-guerre-official-trailer/page/OneSignalSDKUpdaterWorker.html]
[localhost/worldofficialtrailer/watch/operation-fortune-ruse-de-guerre-official-trailer/page/OneSignalSDKWorker.html]
[i.ytimg.com/vi/W8Sqk1GcqxY/maxresdefault.jpg]
[localhost/worldofficialtrailer/player-embed/id/101/GET.html]
[localhost/worldofficialtrailer/watch/ambulance-official-trailer/page/OneSignalSDKUpdaterWorker.html]
[localhost/worldofficialtrailer/watch/ambulance-official-trailer/page/OneSignalSDKWorker.html]
[i.ytimg.com/vi/7NU-STboFeI/maxresdefault.jpg]
[localhost/worldofficialtrailer/player-embed/id/162/GET.html]
[localhost/worldofficialtrailer/watch/home-team-official-trailer/page/OneSignalSDKUpdaterWorker.html]
[localhost/worldofficialtrailer/watch/home-team-official-trailer/page/OneSignalSDKWorker.html]
[i.ytimg.com/vi/YwNUdIGetAw/maxresdefault.jpg]
[localhost/worldofficialtrailer/player-embed/id/158/GET.html]
[localhost/worldofficialtrailer/watch/the-lost-city-official-trailer/page/OneSignalSDKUpdaterWorker.html]
[localhost/worldofficialtrailer/watch/the-lost-city-official-trailer/page/OneSignalSDKWorker.html]
[i.ytimg.com/vi/XPzJ2B1B7hg/maxresdefault.jpg]
[localhost/worldofficialtrailer/player-embed/id/165/GET.html]
[localhost/worldofficialtrailer/watch/moonfall-official-trailer/page/OneSignalSDKUpdaterWorker.html]
[localhost/worldofficialtrailer/watch/moonfall-official-trailer/page/OneSignalSDKWorker.html]
[i.ytimg.com/vi/6NeMPrzh9aI/maxresdefault.jpg]
[localhost/worldofficialtrailer/video-category/OneSignalSDKUpdaterWorker.js/OneSignalSDKUpdaterWorker.html]
[localhost/worldofficialtrailer/video-category/OneSignalSDKUpdaterWorker.js/OneSignalSDKWorker.html]
[localhost/worldofficialtrailer/video-category/OneSignalSDKWorker.js/OneSignalSDKUpdaterWorker.html]
[localhost/worldofficialtrailer/video-category/OneSignalSDKWorker.js/OneSignalSDKWorker.html]
[localhost/worldofficialtrailer/video-category/kannada/OneSignalSDKUpdaterWorker.html]
[localhost/worldofficialtrailer/video-category/kannada/OneSignalSDKWorker.html]
[localhost/worldofficialtrailer/video-category/korean/OneSignalSDKUpdaterWorker.html]
[localhost/worldofficialtrailer/video-category/korean/OneSignalSDKWorker.html]
[localhost/worldofficialtrailer/player-embed/id/168/GET.html]
[localhost/worldofficialtrailer/watch/book-of-love-official-trailer/page/OneSignalSDKUpdaterWorker.html]
[localhost/worldofficialtrailer/watch/book-of-love-official-trailer/page/OneSignalSDKWorker.html]
[i.ytimg.com/vi/9-qhthp07fU/maxresdefault.jpg]
[localhost/worldofficialtrailer/player-embed/id/167/GET.html]
[localhost/worldofficialtrailer/watch/i-want-you-back-official-trailer/page/OneSignalSDKUpdaterWorker.html]
[localhost/worldofficialtrailer/watch/i-want-you-back-official-trailer/page/OneSignalSDKWorker.html]
[i.ytimg.com/vi/7mwu0qYzhXM/maxresdefault.jpg]
[localhost/worldofficialtrailer/player-embed/id/166/GET.html]
[localhost/worldofficialtrailer/watch/search-party-season-5-official-trailer/page/OneSignalSDKUpdaterWorker.html]
[localhost/worldofficialtrailer/watch/search-party-season-5-official-trailer/page/OneSignalSDKWorker.html]
[i.ytimg.com/vi/36F9JxfDEA4/maxresdefault.jpg]
[m.media-amazon.com/images/M/MV5BNDIxOGViNzUtNzFiZi00MjcyLWI1ZGUtM2M0ZWU5ZGFhZTBiXkEyXkFqcGdeQXVyOTI4ODg1NDQ@._V1_UY98_CR5,0,67,98_AL_.jpg]
[localhost/worldofficialtrailer/player-embed/id/140/GET.html]
[localhost/worldofficialtrailer/watch/death-on-the-nile-official-trailer/page/OneSignalSDKUpdaterWorker.html]
[localhost/worldofficialtrailer/watch/death-on-the-nile-official-trailer/page/OneSignalSDKWorker.html]
[i.ytimg.com/vi/0svPonHFTYw/maxresdefault.jpg]
[localhost/worldofficialtrailer/player-embed/id/95/GET.html]
[localhost/worldofficialtrailer/watch/peacemaker-official-trailer/page/OneSignalSDKUpdaterWorker.html]
[localhost/worldofficialtrailer/watch/peacemaker-official-trailer/page/OneSignalSDKWorker.html]
[i.ytimg.com/vi/WHXq62VCaCM/maxresdefault.jpg]
[localhost/worldofficialtrailer/player-embed/id/160/GET.html]
[localhost/worldofficialtrailer/watch/the-royal-treatment-official-trailer/page/OneSignalSDKUpdaterWorker.html]
[localhost/worldofficialtrailer/watch/the-royal-treatment-official-trailer/page/OneSignalSDKWorker.html]
[i.ytimg.com/vi/KWxJXZ3S3-g/maxresdefault.jpg]
[localhost/worldofficialtrailer/player-embed/id/124/GET.html]
[img.youtube.com/vi/cDjFpajxx8A/maxresdefault.jpg]
[localhost/worldofficialtrailer/player-embed/id/50/GET.html]
[i.ytimg.com/vi/f_vbAtFSEc0/maxresdefault.jpg]
[localhost/worldofficialtrailer/player-embed/id/108/GET.html]
[i.ytimg.com/vi/7NDK4f9eQFQ/maxresdefault.jpg]
[localhost/worldofficialtrailer/player-embed/id/109/GET.html]
[i.ytimg.com/vi/GoFLm7sAPNc/maxresdefault.jpg]
[localhost/worldofficialtrailer/player-embed/id/89/GET.html]
[i.ytimg.com/vi/BT0zd0kmTxM/maxresdefault.jpg]
[localhost/worldofficialtrailer/player-embed/id/138/GET.html]
[i.ytimg.com/vi/ytWc6wbiazw/maxresdefault.jpg]
[localhost/worldofficialtrailer/player-embed/id/142/GET.html]
[i.ytimg.com/vi/9ghoXtoXx7o/maxresdefault.jpg]
[m.media-amazon.com/images/M/MV5BMDNhZWZkYjUtNDMyNS00NGEwLTk3ZmYtNzMxM2M1Yzc3ZGU3XkEyXkFqcGdeQXVyOTg4MDYyNw@@._V1_QL75_UX180_CR0,0,180,266_.jpg]
[localhost/worldofficialtrailer/player-embed/id/143/GET.html]
[localhost/worldofficialtrailer/watch/doctor-strange-in-the-multiverse-of-madness-official-trailer/page/OneSignalSDKUpdaterWorker.html]
[localhost/worldofficialtrailer/watch/doctor-strange-in-the-multiverse-of-madness-official-trailer/page/OneSignalSDKWorker.html]
[i.ytimg.com/vi/65Hiv0CvEyM/maxresdefault.jpg]
[m.media-amazon.com/images/M/MV5BODIyNzk5NDg5M15BMl5BanBnXkFtZTgwMTE5NjA5MjI@._V1_UX67_CR0,0,67,98_AL_.jpg]
[localhost/worldofficialtrailer/player-embed/id/102/GET.html]
[localhost/worldofficialtrailer/watch/morbius-official-trailer/page/OneSignalSDKUpdaterWorker.html]
[localhost/worldofficialtrailer/watch/morbius-official-trailer/page/OneSignalSDKWorker.html]
[i.ytimg.com/vi/9eQBl3_6FKA/maxresdefault.jpg]
[m.media-amazon.com/images/M/MV5BNjllNDk1OTItNmVlZi00YTUyLTg4Y2QtYWQyMzA0OTZjZjg2XkEyXkFqcGdeQXVyNjUxMjc1OTM@._V1_UY98_CR6,0,67,98_AL_.jpg]
[m.media-amazon.com/images/M/MV5BYThkM2YyZmMtYzU1NC00NGQ0LWJmM2EtYmQxNTc3MThhZGJiXkEyXkFqcGdeQXVyMTEyMjM2NDc2._V1_QL75_UY281_CR6,0,190,281_.jpg]
[i0.wp.com/teaser-trailer.com/wp-content/uploads/Sundown-movie-poster-1eb45.jpg]
[www.bolivud.com/wp-content/uploads/2021/12/Human-Official-Trailer-Hotstar-Specials-on-Disney-Plus-Hotstar.jpeg]
[m.economictimes.com/thumb/msid-88725977,width-1200,height-900,resizemode-4,imgsize-23366/chakde-xpress.jpg]
[www.the-numbers.com/images/movies/opusdata/Commando-The-(2022)-Thumbnail.jpg]
[localhost/worldofficialtrailer/player-embed/id/163/GET.html]
[localhost/worldofficialtrailer/watch/black-adam-official-trailer/page/OneSignalSDKUpdaterWorker.html]
[localhost/worldofficialtrailer/watch/black-adam-official-trailer/page/OneSignalSDKWorker.html]
[i.ytimg.com/vi/9ng0NxIWjaI/maxresdefault.jpg]
[www.the-numbers.com/images/movies/opusdata/Free-Fall-The-(2022)-Thumbnail.jpg]
[www.the-numbers.com/images/movies/opusdata/Shattered-(2022)-Thumbnail.jpg]
[www.the-numbers.com/images/movies/opusdata/Stoker-Hills-Thumbnail.jpg]
[www.the-numbers.com/images/movies/opusdata/Italian-Studies-(2022)-Thumbnail.jpg]
[www.filmibeat.com/img/190x100x237/popcorn/movie_posters/bangarraju-20211231115217-20325.jpg]
[localhost/worldofficialtrailer/player-embed/id/105/GET.html]
[i.ytimg.com/vi/XX-vYx4aUAA/maxresdefault.jpg]
[localhost/worldofficialtrailer/player-embed/id/104/GET.html]
[i.ytimg.com/vi/O4BIdZ4SJ8U/maxresdefault.jpg]
[localhost/worldofficialtrailer/player-embed/id/156/GET.html]
[i.ytimg.com/vi/_5HDMbQpExc/maxresdefault.jpg]
[localhost/worldofficialtrailer/wp-content/plugins/all-in-one-video-gallery/vendor/videojs/video-js.min5fb2.css]
[localhost/worldofficialtrailer/player-embed/id/121/GET.html]
[i.gadgets360cdn.com/large/google_play_1559395346287d41d.jpg]
[localhost/worldofficialtrailer/player-embed/id/107/GET.html]
[i.ytimg.com/vi/DBArG6AoJw0/maxresdefault.jpg]
[cdnjs.cloudflare.com/ajax/libs/font-awesome/3.1.0/css/font-awesome.min.css]
[connect.facebook.net/en_US/all.js]
[localhost/phpMyAdmin.html]
[localhost/example.html]
[localhost/wordpress.html]
[localhost/Slim.html]
[localhost/wordpress/wp-login.html]
[localhost/sendmail.html]
[localhost/example/phpmailer.html]
[localhost/sqlite.html]
[localhost/xampp/phpinfo.html]
[localhost/myapp/index.html]
[localhost/myapp.html]
[code.jquery.com/jquery-1.10.2.min.js]
[image.tmdb.org/t/p/w185/CaievsSWmbVuznon1yhiQswVsZ.jpg]
[upload.wikimedia.org/wikipedia/en/thumb/c/ce/JurassicWorldDominion_Poster.jpeg/220px-JurassicWorldDominion_Poster.jpeg]
[upload.wikimedia.org/wikipedia/en/thumb/7/7f/The_Black_Phone.jpg/220px-The_Black_Phone.jpg]
[upload.wikimedia.org/wikipedia/en/thumb/c/c7/Uncharted_(film).jpg/220px-Uncharted_(film).jpg]
[upload.wikimedia.org/wikipedia/en/thumb/5/51/Fantastic_Beasts,_The_Secrets_of_Dumbledore_teaser_poster.png/220px-Fantastic_Beasts,_The_Secrets_of_Dumbledore_teaser_poster.png]
[m.media-amazon.com/images/M/MV5BNmQ0OWJiNWUtZGRiOS00MDRkLTk5NzMtN2RhN2NiZDg5NTE0XkEyXkFqcGdeQXVyMTkxNjUyNQ@@._V1_FMjpg_UX1000_.jpg]
[m.media-amazon.com/images/M/MV5BZGFmNmRlZmQtMDAyYy00NTJjLTg2ODQtZDI0OWE3M2I2NDcyXkEyXkFqcGdeQXVyNjY1MTg4Mzc@._V1_.jpg]
[upload.wikimedia.org/wikipedia/en/thumb/d/d2/Ambulance_film_poster.jpg/220px-Ambulance_film_poster.jpg]
[upload.wikimedia.org/wikipedia/en/thumb/5/5c/Home_Team_(2022_film).jpg/220px-Home_Team_(2022_film).jpg]
[upload.wikimedia.org/wikipedia/en/thumb/e/ee/TheLostCityPoster.jpg/220px-TheLostCityPoster.jpg]
[upload.wikimedia.org/wikipedia/en/thumb/1/12/Moonfall2022Poster.jpg/220px-Moonfall2022Poster.jpg]
[m.media-amazon.com/images/M/MV5BMTExNjg5OTcxNDVeQTJeQWpwZ15BbWU3MDU3NTU4MjE@._V1_.jpg]
[upload.wikimedia.org/wikipedia/en/thumb/e/ef/I_Want_You_Back_(film).jpg/220px-I_Want_You_Back_(film).jpg]
[www.gridsaratoga.com/wp-content/uploads/2021/02/MV5BOTc4N2MyZjYtZWFkMy00ZDdiLTg1YmYtNTE4MTgyYmQ4NTEyXkEyXkFqcGdeQXVyMTEyMjM2NDc2._V1_.jpg]
[m.media-amazon.com/images/I/41+S9fvRYfL.jpg]
[m.media-amazon.com/images/M/MV5BODk2NjAyOWMtM2FjZC00MjZhLTkxMjQtZTM3NjJlYTE5MDdlXkEyXkFqcGdeQXVyMTkxNjUyNQ@@._V1_FMjpg_UX1000_.jpg]
[upload.wikimedia.org/wikipedia/en/thumb/4/42/The_Royal_Treatment.jpg/220px-The_Royal_Treatment.jpg]
[i.ytimg.com/vi/cDjFpajxx8A/maxresdefault.jpg]
[upload.wikimedia.org/wikipedia/en/thumb/d/d7/RRR_Poster.jpg/220px-RRR_Poster.jpg]
[m.media-amazon.com/images/M/MV5BOTM3ODg3ZDMtZGUxNC00OWE2LWIwNWMtNzAzMGZmZjY2ODRmXkEyXkFqcGdeQXVyMTkzOTcxOTg@._V1_.jpg]
[m.media-amazon.com/images/M/MV5BOTdhZGIzMDYtYWM3Yi00NWMyLTg2ZTUtY2MwNGVlZWYxYTQ5XkEyXkFqcGdeQXVyMTI1NDEyNTM5._V1_FMjpg_UX1000_.jpg]
[m.media-amazon.com/images/M/MV5BZjViYjRjODItYzI4ZC00MzI4LTkwYTQtZjI5ZjAzZWViMTZlXkEyXkFqcGdeQXVyMTI1NDEyNTM5._V1_UX100_CR0,0,100,100_AL_.jpg]
[cdn.celpox.com/bby_uploads/media/340297218aed3d38ee456d565a69b59d.jpg]
[m.media-amazon.com/images/M/MV5BM2I2MTE5ZmMtN2FkMy00MTRjLTg1N2ItZDNiMmU3OTI5Mzk4XkEyXkFqcGdeQXVyOTAzMTc2MjA@._V1_.jpg]
[upload.wikimedia.org/wikipedia/en/thumb/0/08/Doctor_Strange_in_the_Multiverse_of_Madness_poster.jpeg/220px-Doctor_Strange_in_the_Multiverse_of_Madness_poster.jpeg]
[m.media-amazon.com/images/M/MV5BYjlhNTA3Y2ItYjhiYi00NTBiLTg5MDMtZDJjMDZjNzVjNjJmXkEyXkFqcGdeQXVyMTEyMjM2NDc2._V1_FMjpg_UX1000_.jpg]
[upload.wikimedia.org/wikipedia/en/thumb/a/a9/Black_Adam_(film)_poster.jpg/220px-Black_Adam_(film)_poster.jpg]
[www.filmcompanion.in/wp-content/uploads/2020/07/F3F7776B-494A-4BFE-8FB4-B32F6B798D0A.jpeg]
[upload.wikimedia.org/wikipedia/en/thumb/b/bb/Bheemla_Nayak.jpg/220px-Bheemla_Nayak.jpg]
[upload.wikimedia.org/wikipedia/en/b/b1/Beast_2022_poster.jpg]
[cdn.hswstatic.com/gif/download-legit-250x150.jpg]
[pinterest.com/pin/create/button/index38d0.html]
[upload.wikimedia.org/wikipedia/en/thumb/d/d7/Valimai_poster.jpg/220px-Valimai_poster.jpg]
